<?xml version="1.0" encoding="UTF-8"?>
<!-- Generated by org.testng.reporters.JUnitReportReporter -->
<testsuite hostname="DESKTOP-56INQI7" failures="0" tests="1" name="TestRunner.CucumberTestRunner" time="175.235" errors="0" timestamp="2024-07-16T19:42:04 IST" skipped="0">
  <testcase classname="TestRunner.CucumberTestRunner" name="runScenario" time="175.235"/>
  <system-out/>
</testsuite> <!-- TestRunner.CucumberTestRunner -->
